<?xml version="1.0" encoding="UTF-8"?>
<robot generator="Robot 3.1.1 (Python 3.7.2 on win32)" generated="20190619 09:09:04.977" rpa="false">
<suite id="s1" name="TC 001" source="C:\Users\TestingWorld\PycharmProjects\Robot1Automation\TC_001.robot">
<test id="s1-t1" name="TC_001_Posting">
<kw name="Open Browser" library="SeleniumLibrary">
<doc>Opens a new browser instance to the given ``url``.</doc>
<arguments>
<arg>https://panel.postfity.com/login#/</arg>
<arg>Chrome</arg>
</arguments>
<msg timestamp="20190619 09:09:05.989" level="INFO">Opening browser 'Chrome' to base url 'https://panel.postfity.com/login#/'.</msg>
<status status="PASS" starttime="20190619 09:09:05.988" endtime="20190619 09:09:14.980"></status>
</kw>
<kw name="Maximize Browser Window" library="SeleniumLibrary">
<doc>Maximizes current browser window.</doc>
<status status="PASS" starttime="20190619 09:09:14.982" endtime="20190619 09:09:16.176"></status>
</kw>
<kw name="Click Element" library="SeleniumLibrary">
<doc>Click element identified by ``locator``.</doc>
<arguments>
<arg>xpath=//span[text()='Login with LinkedIn']</arg>
</arguments>
<msg timestamp="20190619 09:09:16.178" level="INFO">Clicking element 'xpath=//span[text()='Login with LinkedIn']'.</msg>
<status status="PASS" starttime="20190619 09:09:16.177" endtime="20190619 09:09:19.011"></status>
</kw>
<kw name="Wait Until Page Contains Element" library="SeleniumLibrary">
<doc>Waits until element ``locator`` appears on current page.</doc>
<arguments>
<arg>id=username</arg>
</arguments>
<status status="PASS" starttime="20190619 09:09:19.012" endtime="20190619 09:09:19.632"></status>
</kw>
<kw name="Clear Element Text" library="SeleniumLibrary">
<doc>Clears the value of text entry element identified by ``locator``.</doc>
<arguments>
<arg>id=username</arg>
</arguments>
<status status="PASS" starttime="20190619 09:09:19.633" endtime="20190619 09:09:20.130"></status>
</kw>
<kw name="Input Text" library="SeleniumLibrary">
<doc>Types the given ``text`` into text field identified by ``locator``.</doc>
<arguments>
<arg>id=username</arg>
<arg>testingworldqa@gmail.com</arg>
</arguments>
<msg timestamp="20190619 09:09:20.131" level="INFO">Typing text 'testingworldqa@gmail.com' into text field 'id=username'.</msg>
<status status="PASS" starttime="20190619 09:09:20.131" endtime="20190619 09:09:20.560"></status>
</kw>
<kw name="Input Text" library="SeleniumLibrary">
<doc>Types the given ``text`` into text field identified by ``locator``.</doc>
<arguments>
<arg>id=password</arg>
<arg>Testing@2017</arg>
</arguments>
<msg timestamp="20190619 09:09:20.561" level="INFO">Typing text 'Testing@2017' into text field 'id=password'.</msg>
<status status="PASS" starttime="20190619 09:09:20.561" endtime="20190619 09:09:20.965"></status>
</kw>
<kw name="Click Button" library="SeleniumLibrary">
<doc>Clicks button identified by ``locator``.</doc>
<arguments>
<arg>xpath=//button[@type='submit']</arg>
</arguments>
<msg timestamp="20190619 09:09:20.966" level="INFO">Clicking button 'xpath=//button[@type='submit']'.</msg>
<status status="PASS" starttime="20190619 09:09:20.966" endtime="20190619 09:09:23.060"></status>
</kw>
<kw name="Click Button" library="SeleniumLibrary">
<doc>Clicks button identified by ``locator``.</doc>
<arguments>
<arg>xpath=//button[text()='No, thanks']</arg>
</arguments>
<msg timestamp="20190619 09:09:23.062" level="INFO">Clicking button 'xpath=//button[text()='No, thanks']'.</msg>
<kw name="Capture Page Screenshot" library="SeleniumLibrary">
<doc>Takes screenshot of the current page and embeds it into log file.</doc>
<msg timestamp="20190619 09:09:23.543" level="INFO" html="yes">&lt;/td&gt;&lt;/tr&gt;&lt;tr&gt;&lt;td colspan="3"&gt;&lt;a href="selenium-screenshot-2.png"&gt;&lt;img src="selenium-screenshot-2.png" width="800px"&gt;&lt;/a&gt;</msg>
<status status="PASS" starttime="20190619 09:09:23.109" endtime="20190619 09:09:23.543"></status>
</kw>
<msg timestamp="20190619 09:09:23.547" level="FAIL">Button with locator 'xpath=//button[text()='No, thanks']' not found.</msg>
<status status="FAIL" starttime="20190619 09:09:23.061" endtime="20190619 09:09:23.547"></status>
</kw>
<status status="FAIL" starttime="20190619 09:09:05.984" endtime="20190619 09:09:23.549" critical="yes">Button with locator 'xpath=//button[text()='No, thanks']' not found.</status>
</test>
<status status="FAIL" starttime="20190619 09:09:04.983" endtime="20190619 09:09:23.552"></status>
</suite>
<statistics>
<total>
<stat pass="0" fail="1">Critical Tests</stat>
<stat pass="0" fail="1">All Tests</stat>
</total>
<tag>
</tag>
<suite>
<stat pass="0" fail="1" id="s1" name="TC 001">TC 001</stat>
</suite>
</statistics>
<errors>
</errors>
</robot>
